info: Apr-05-2022 23:45:51: 	Information message
info: Apr-05-2022 23:45:51: 	test loger
info: Apr-05-2022 23:46:11: 	Information message
warn: Apr-05-2022 23:46:11: 	test loger
info: Apr-06-2022 00:29:31: 	Information message
info: Apr-06-2022 00:29:34: 	Information message
info: Apr-06-2022 00:31:46: 	Information message
info: Apr-06-2022 00:32:44: 	Information message
info: Apr-06-2022 00:33:04: 	Information message
error: Apr-06-2022 12:12:31: 	undefined
error: Apr-06-2022 12:12:35: 	undefined
error: Apr-06-2022 12:12:37: 	undefined
error: Apr-06-2022 12:13:43: 	undefined
error: Apr-06-2022 12:15:05: 	undefined
error: Apr-06-2022 12:15:26: 	undefined
error: Apr-06-2022 12:16:16: 	undefined
error: Apr-06-2022 12:16:41: 	undefined
error: Apr-06-2022 12:19:17: 	undefined
error: Apr-08-2022 02:47:40: 	undefined
error: Apr-08-2022 02:51:52: 	undefined
error: Apr-08-2022 02:53:49: 	undefined
error: Apr-08-2022 02:54:44: 	undefined
error: Apr-08-2022 02:55:09: 	undefined
error: Apr-08-2022 03:51:10: 	undefined
error: Apr-08-2022 15:12:24: 	undefined
error: Apr-08-2022 15:36:40: 	undefined
error: Apr-08-2022 15:37:05: 	undefined
error: Apr-08-2022 15:40:48: 	undefined
error: Apr-08-2022 15:41:43: 	undefined
error: Apr-08-2022 15:45:42: 	undefined
error: Apr-08-2022 15:46:46: 	undefined
error: Apr-08-2022 15:47:11: 	undefined
error: Apr-08-2022 15:50:23: 	undefined
error: Apr-08-2022 15:50:52: 	undefined
error: Apr-08-2022 15:51:15: 	undefined
error: Apr-08-2022 15:51:40: 	undefined
error: Apr-10-2022 03:24:14: 	undefined
error: Apr-10-2022 03:25:01: 	[object Object]
error: Apr-10-2022 03:25:21: 	[object Object]
error: Apr-10-2022 03:26:10: 	[object Object]
error: Apr-10-2022 03:28:59: 	undefined
error: Apr-10-2022 14:59:36: 	undefined
error: Apr-10-2022 14:59:58: 	undefined
error: Apr-10-2022 15:01:00: 	undefined
error: Apr-10-2022 15:01:44: 	undefined
